\BOOKMARK [0][-]{chapter.1}{\376\377\0001\000.\000\040\000B\000e\000v\000e\000z\000e\000t\000\351\000s}{}% 1
\BOOKMARK [1][-]{section.1.1}{\376\377\0001\000.\0001\000.\000\040\000M\000i\000\351\000r\000t\000\040\000a\000\040\000j\000\341\000t\000\351\000k\000f\000e\000j\000l\000e\000s\000z\000t\000\351\000s\000?}{chapter.1}% 2
\BOOKMARK [1][-]{section.1.2}{\376\377\0001\000.\0002\000.\000\040\000E\000l\001\121\000k\000\351\000s\000z\000\374\000l\000e\000t\000e\000k}{chapter.1}% 3
\BOOKMARK [2][-]{subsection.1.2.1}{\376\377\0001\000.\0002\000.\0001\000.\000\040\0002\000D\000\040\000k\000u\000r\000z\000u\000s}{section.1.2}% 4
\BOOKMARK [0][-]{chapter.2}{\376\377\0002\000.\000\040\000A\000\040\000j\000\341\000t\000\351\000k\000f\000e\000j\000l\000e\000s\000z\000t\000\351\000s\000r\001\121\000l\000\040\000\341\000l\000t\000a\000l\000\341\000n\000o\000s\000s\000\341\000g\000b\000a\000n}{}% 5
\BOOKMARK [1][-]{section.2.1}{\376\377\0002\000.\0001\000.\000\040\000T\000e\000c\000h\000n\000i\000k\000a\000\040\000t\000\366\000r\000t\000\351\000n\000e\000t}{chapter.2}% 6
\BOOKMARK [1][-]{section.2.2}{\376\377\0002\000.\0002\000.\000\040\000J\000\341\000t\000\351\000k\000f\000e\000j\000l\000e\000s\000z\000t\000\351\000s\000b\000e\000n\000\040\000h\000a\000s\000z\000n\000\341\000l\000t\000\040\000m\000o\000t\000o\000r\000o\000k}{chapter.2}% 7
\BOOKMARK [2][-]{subsection.2.2.1}{\376\377\0002\000.\0002\000.\0001\000.\000\040\000U\000n\000i\000t\000y}{section.2.2}% 8
\BOOKMARK [2][-]{subsection.2.2.2}{\376\377\0002\000.\0002\000.\0002\000.\000\040\000U\000n\000r\000e\000a\000l\000\040\000E\000n\000g\000i\000n\000e}{section.2.2}% 9
\BOOKMARK [2][-]{subsection.2.2.3}{\376\377\0002\000.\0002\000.\0003\000.\000\040\000M\000o\000t\000o\000r\000o\000k\000\040\000\366\000s\000s\000z\000e\000h\000a\000s\000o\000n\000l\000\355\000t\000\341\000s\000a}{section.2.2}% 10
\BOOKMARK [0][-]{chapter.3}{\376\377\0003\000.\000\040\000V\000e\000r\000z\000i\000\363\000k\000\366\000v\000e\000t\000\351\000s}{}% 11
\BOOKMARK [1][-]{section.3.1}{\376\377\0003\000.\0001\000.\000\040\000E\000l\001\121\000n\000y\000\366\000k}{chapter.3}% 12
\BOOKMARK [1][-]{section.3.2}{\376\377\0003\000.\0002\000.\000\040\000G\000i\000t}{chapter.3}% 13
\BOOKMARK [0][-]{chapter.4}{\376\377\0004\000.\000\040\000S\000a\000j\000\341\000t\000\040\000j\000\341\000t\000\351\000k}{}% 14
\BOOKMARK [1][-]{section.4.1}{\376\377\0004\000.\0001\000.\000\040\000B\000e\000m\000u\000t\000a\000t\000\341\000s}{chapter.4}% 15
\BOOKMARK [2][-]{subsection.4.1.1}{\376\377\0004\000.\0001\000.\0001\000.\000\040\000F\000e\000l\000h\000a\000s\000z\000n\000\341\000l\000\363\000i\000\040\000i\000n\000t\000e\000r\000a\000k\000c\000i\000\363}{section.4.1}% 16
\BOOKMARK [1][-]{section.4.2}{\376\377\0004\000.\0002\000.\000\040\000K\000a\000r\000a\000k\000t\000e\000r}{chapter.4}% 17
\BOOKMARK [2][-]{subsection.4.2.1}{\376\377\0004\000.\0002\000.\0001\000.\000\040\000M\000o\000z\000g\000\341\000s}{section.4.2}% 18
\BOOKMARK [2][-]{subsection.4.2.2}{\376\377\0004\000.\0002\000.\0002\000.\000\040\000K\000a\000m\000e\000r\000a}{section.4.2}% 19
\BOOKMARK [1][-]{section.4.3}{\376\377\0004\000.\0003\000.\000\040\000E\000l\000l\000e\000n\000f\000e\000l\000e\000k}{chapter.4}% 20
\BOOKMARK [2][-]{subsection.4.3.1}{\376\377\0004\000.\0003\000.\0001\000.\000\040\000E\000n\000e\000m\000y}{section.4.3}% 21
\BOOKMARK [2][-]{subsection.4.3.2}{\376\377\0004\000.\0003\000.\0002\000.\000\040\000P\000a\000t\000r\000o\000l\000l\000i\000n\000g\000E\000n\000e\000m\000y}{section.4.3}% 22
\BOOKMARK [2][-]{subsection.4.3.3}{\376\377\0004\000.\0003\000.\0003\000.\000\040\000B\000O\000S\000S}{section.4.3}% 23
\BOOKMARK [1][-]{section.4.4}{\376\377\0004\000.\0004\000.\000\040\000I\000n\000v\000e\000n\000t\000o\000r\000y\000\040\000r\000e\000n\000d\000s\000z\000e\000r}{chapter.4}% 24
\BOOKMARK [1][-]{section.4.5}{\376\377\0004\000.\0005\000.\000\040\000Q\000u\000e\000s\000t\000\040\000r\000e\000n\000d\000s\000z\000e\000r}{chapter.4}% 25
\BOOKMARK [1][-]{section.4.6}{\376\377\0004\000.\0006\000.\000\040\000S\000z\000i\000n\000t\000\040\000r\000e\000n\000d\000s\000z\000e\000r}{chapter.4}% 26
\BOOKMARK [1][-]{section.4.7}{\376\377\0004\000.\0007\000.\000\040\000G\000y\001\161\000j\000t\000h\000e\000t\001\121\000\040\000\351\000s\000\040\000f\000e\000l\000h\000a\000s\000z\000n\000\341\000l\000h\000a\000t\000\363\000\040\000t\000\341\000r\000g\000y\000a\000k}{chapter.4}% 27
\BOOKMARK [0][-]{chapter.5}{\376\377\0005\000.\000\040\000I\000s\000m\000e\000r\000t\000\040\000h\000i\000b\000\341\000k\000\040\000\351\000s\000\040\000t\000o\000v\000\341\000b\000b\000f\000e\000j\000l\000e\000s\000z\000t\000\351\000s\000i\000\040\000l\000e\000h\000e\000t\001\121\000s\000\351\000g\000e\000k}{}% 28
\BOOKMARK [1][-]{section.5.1}{\376\377\0005\000.\0001\000.\000\040\000I\000s\000m\000e\000r\000t\000\040\000h\000i\000b\000\341\000k}{chapter.5}% 29
\BOOKMARK [1][-]{section.5.2}{\376\377\0005\000.\0002\000.\000\040\000T\000o\000v\000\341\000b\000b\000f\000e\000j\000l\000e\000s\000z\000t\000\351\000s}{chapter.5}% 30
\BOOKMARK [0][-]{chapter.6}{\376\377\0006\000.\000\040\000F\000e\000l\000h\000a\000s\000z\000n\000\341\000l\000t\000\040\000a\000s\000s\000e\000t\000e\000k}{}% 31
\BOOKMARK [0][-]{chapter.7}{\376\377\0007\000.\000\040\000\301\000b\000r\000a\000\040\000j\000e\000g\000y\000z\000\351\000k}{}% 32
